{"C:\\Users\\octav\\Desktop\\PROJETOS PESSOAIS\\ESTUDOS\\LETS CODE\\TESTE AUTOMATIZADOS\\testes-automatizados\\src\\constants.js": {"path":"C:\\Users\\octav\\Desktop\\PROJETOS PESSOAIS\\ESTUDOS\\LETS CODE\\TESTE AUTOMATIZADOS\\testes-automatizados\\src\\constants.js","statementMap":{"0":{"start":{"line":1,"column":0},"end":{"line":1,"column":26}},"1":{"start":{"line":5,"column":4},"end":{"line":5,"column":15}},"2":{"start":{"line":7,"column":0},"end":{"line":10,"column":1}}},"fnMap":{},"branchMap":{},"s":{"0":0,"1":0,"2":0},"f":{},"b":{}}
,"C:\\Users\\octav\\Desktop\\PROJETOS PESSOAIS\\ESTUDOS\\LETS CODE\\TESTE AUTOMATIZADOS\\testes-automatizados\\src\\database.js": {"path":"C:\\Users\\octav\\Desktop\\PROJETOS PESSOAIS\\ESTUDOS\\LETS CODE\\TESTE AUTOMATIZADOS\\testes-automatizados\\src\\database.js","statementMap":{"0":{"start":{"line":1,"column":17},"end":{"line":1,"column":36}},"1":{"start":{"line":2,"column":22},"end":{"line":2,"column":44}},"2":{"start":{"line":4,"column":16},"end":{"line":12,"column":1}},"3":{"start":{"line":5,"column":2},"end":{"line":11,"column":3}},"4":{"start":{"line":6,"column":4},"end":{"line":6,"column":37}},"5":{"start":{"line":7,"column":4},"end":{"line":7,"column":37}},"6":{"start":{"line":9,"column":4},"end":{"line":9,"column":20}},"7":{"start":{"line":10,"column":4},"end":{"line":10,"column":29}},"8":{"start":{"line":14,"column":0},"end":{"line":14,"column":9}}},"fnMap":{"0":{"name":"(anonymous_0)","decl":{"start":{"line":4,"column":16},"end":{"line":4,"column":17}},"loc":{"start":{"line":4,"column":28},"end":{"line":12,"column":1}},"line":4}},"branchMap":{},"s":{"0":0,"1":0,"2":0,"3":0,"4":0,"5":0,"6":0,"7":0,"8":0},"f":{"0":0},"b":{}}
,"C:\\Users\\octav\\Desktop\\PROJETOS PESSOAIS\\ESTUDOS\\LETS CODE\\TESTE AUTOMATIZADOS\\testes-automatizados\\src\\index.js": {"path":"C:\\Users\\octav\\Desktop\\PROJETOS PESSOAIS\\ESTUDOS\\LETS CODE\\TESTE AUTOMATIZADOS\\testes-automatizados\\src\\index.js","statementMap":{"0":{"start":{"line":1,"column":0},"end":{"line":1,"column":21}},"1":{"start":{"line":2,"column":0},"end":{"line":2,"column":19}}},"fnMap":{},"branchMap":{},"s":{"0":0,"1":0},"f":{},"b":{}}
,"C:\\Users\\octav\\Desktop\\PROJETOS PESSOAIS\\ESTUDOS\\LETS CODE\\TESTE AUTOMATIZADOS\\testes-automatizados\\src\\server.js": {"path":"C:\\Users\\octav\\Desktop\\PROJETOS PESSOAIS\\ESTUDOS\\LETS CODE\\TESTE AUTOMATIZADOS\\testes-automatizados\\src\\server.js","statementMap":{"0":{"start":{"line":1,"column":26},"end":{"line":1,"column":51}},"1":{"start":{"line":2,"column":17},"end":{"line":2,"column":39}},"2":{"start":{"line":3,"column":16},"end":{"line":3,"column":34}},"3":{"start":{"line":4,"column":15},"end":{"line":4,"column":24}},"4":{"start":{"line":6,"column":0},"end":{"line":6,"column":26}},"5":{"start":{"line":8,"column":0},"end":{"line":8,"column":38}},"6":{"start":{"line":10,"column":0},"end":{"line":12,"column":2}},"7":{"start":{"line":11,"column":2},"end":{"line":11,"column":37}}},"fnMap":{"0":{"name":"(anonymous_0)","decl":{"start":{"line":10,"column":20},"end":{"line":10,"column":21}},"loc":{"start":{"line":10,"column":26},"end":{"line":12,"column":1}},"line":10}},"branchMap":{},"s":{"0":0,"1":0,"2":0,"3":0,"4":0,"5":0,"6":0,"7":0},"f":{"0":0},"b":{}}
,"C:\\Users\\octav\\Desktop\\PROJETOS PESSOAIS\\ESTUDOS\\LETS CODE\\TESTE AUTOMATIZADOS\\testes-automatizados\\src\\controllers\\productDeleteController.js": {"path":"C:\\Users\\octav\\Desktop\\PROJETOS PESSOAIS\\ESTUDOS\\LETS CODE\\TESTE AUTOMATIZADOS\\testes-automatizados\\src\\controllers\\productDeleteController.js","statementMap":{"0":{"start":{"line":1,"column":21},"end":{"line":1,"column":53}},"1":{"start":{"line":3,"column":32},"end":{"line":13,"column":1}},"2":{"start":{"line":4,"column":17},"end":{"line":4,"column":27}},"3":{"start":{"line":5,"column":2},"end":{"line":12,"column":3}},"4":{"start":{"line":6,"column":29},"end":{"line":6,"column":69}},"5":{"start":{"line":7,"column":6},"end":{"line":7,"column":31}},"6":{"start":{"line":9,"column":6},"end":{"line":9,"column":38}},"7":{"start":{"line":11,"column":6},"end":{"line":11,"column":23}},"8":{"start":{"line":15,"column":0},"end":{"line":15,"column":40}}},"fnMap":{"0":{"name":"(anonymous_0)","decl":{"start":{"line":3,"column":32},"end":{"line":3,"column":33}},"loc":{"start":{"line":3,"column":52},"end":{"line":13,"column":1}},"line":3}},"branchMap":{},"s":{"0":1,"1":1,"2":1,"3":1,"4":1,"5":1,"6":0,"7":0,"8":1},"f":{"0":1},"b":{},"_coverageSchema":"1a1c01bbd47fc00a2c39e90264f33305004495a9","hash":"9233889fe2127215bdeef0c5d4077da90471d651"}
,"C:\\Users\\octav\\Desktop\\PROJETOS PESSOAIS\\ESTUDOS\\LETS CODE\\TESTE AUTOMATIZADOS\\testes-automatizados\\src\\controllers\\productGetAllController.js": {"path":"C:\\Users\\octav\\Desktop\\PROJETOS PESSOAIS\\ESTUDOS\\LETS CODE\\TESTE AUTOMATIZADOS\\testes-automatizados\\src\\controllers\\productGetAllController.js","statementMap":{"0":{"start":{"line":1,"column":21},"end":{"line":1,"column":53}},"1":{"start":{"line":3,"column":32},"end":{"line":11,"column":1}},"2":{"start":{"line":4,"column":2},"end":{"line":10,"column":3}},"3":{"start":{"line":5,"column":24},"end":{"line":5,"column":49}},"4":{"start":{"line":6,"column":4},"end":{"line":6,"column":26}},"5":{"start":{"line":8,"column":4},"end":{"line":8,"column":36}},"6":{"start":{"line":9,"column":4},"end":{"line":9,"column":21}},"7":{"start":{"line":13,"column":0},"end":{"line":13,"column":40}}},"fnMap":{"0":{"name":"(anonymous_0)","decl":{"start":{"line":3,"column":32},"end":{"line":3,"column":33}},"loc":{"start":{"line":3,"column":52},"end":{"line":11,"column":1}},"line":3}},"branchMap":{},"s":{"0":1,"1":1,"2":1,"3":1,"4":1,"5":0,"6":0,"7":1},"f":{"0":1},"b":{},"_coverageSchema":"1a1c01bbd47fc00a2c39e90264f33305004495a9","hash":"b218fb8cc0fa5f14bbb1126f1069c74c009e6fb3"}
,"C:\\Users\\octav\\Desktop\\PROJETOS PESSOAIS\\ESTUDOS\\LETS CODE\\TESTE AUTOMATIZADOS\\testes-automatizados\\src\\controllers\\productGetIdController.js": {"path":"C:\\Users\\octav\\Desktop\\PROJETOS PESSOAIS\\ESTUDOS\\LETS CODE\\TESTE AUTOMATIZADOS\\testes-automatizados\\src\\controllers\\productGetIdController.js","statementMap":{"0":{"start":{"line":1,"column":21},"end":{"line":1,"column":53}},"1":{"start":{"line":3,"column":31},"end":{"line":13,"column":1}},"2":{"start":{"line":4,"column":17},"end":{"line":4,"column":27}},"3":{"start":{"line":5,"column":2},"end":{"line":12,"column":3}},"4":{"start":{"line":6,"column":22},"end":{"line":6,"column":53}},"5":{"start":{"line":7,"column":6},"end":{"line":7,"column":24}},"6":{"start":{"line":9,"column":6},"end":{"line":9,"column":38}},"7":{"start":{"line":11,"column":6},"end":{"line":11,"column":23}},"8":{"start":{"line":15,"column":0},"end":{"line":15,"column":39}}},"fnMap":{"0":{"name":"(anonymous_0)","decl":{"start":{"line":3,"column":31},"end":{"line":3,"column":32}},"loc":{"start":{"line":3,"column":51},"end":{"line":13,"column":1}},"line":3}},"branchMap":{},"s":{"0":1,"1":1,"2":1,"3":1,"4":1,"5":1,"6":0,"7":0,"8":1},"f":{"0":1},"b":{},"_coverageSchema":"1a1c01bbd47fc00a2c39e90264f33305004495a9","hash":"820c4e7468f15737f93ab77b574e1672a2d1df3e"}
,"C:\\Users\\octav\\Desktop\\PROJETOS PESSOAIS\\ESTUDOS\\LETS CODE\\TESTE AUTOMATIZADOS\\testes-automatizados\\src\\controllers\\productPostController.js": {"path":"C:\\Users\\octav\\Desktop\\PROJETOS PESSOAIS\\ESTUDOS\\LETS CODE\\TESTE AUTOMATIZADOS\\testes-automatizados\\src\\controllers\\productPostController.js","statementMap":{"0":{"start":{"line":1,"column":21},"end":{"line":1,"column":53}},"1":{"start":{"line":3,"column":30},"end":{"line":12,"column":1}},"2":{"start":{"line":4,"column":26},"end":{"line":4,"column":34}},"3":{"start":{"line":5,"column":2},"end":{"line":11,"column":3}},"4":{"start":{"line":6,"column":23},"end":{"line":6,"column":65}},"5":{"start":{"line":7,"column":4},"end":{"line":7,"column":25}},"6":{"start":{"line":9,"column":4},"end":{"line":9,"column":36}},"7":{"start":{"line":10,"column":4},"end":{"line":10,"column":21}},"8":{"start":{"line":14,"column":0},"end":{"line":14,"column":38}}},"fnMap":{"0":{"name":"(anonymous_0)","decl":{"start":{"line":3,"column":30},"end":{"line":3,"column":31}},"loc":{"start":{"line":3,"column":50},"end":{"line":12,"column":1}},"line":3}},"branchMap":{},"s":{"0":1,"1":1,"2":1,"3":1,"4":1,"5":1,"6":0,"7":0,"8":1},"f":{"0":1},"b":{},"_coverageSchema":"1a1c01bbd47fc00a2c39e90264f33305004495a9","hash":"b78cde97650a464296a97a4856e1050fcefc7401"}
,"C:\\Users\\octav\\Desktop\\PROJETOS PESSOAIS\\ESTUDOS\\LETS CODE\\TESTE AUTOMATIZADOS\\testes-automatizados\\src\\controllers\\productPutController.js": {"path":"C:\\Users\\octav\\Desktop\\PROJETOS PESSOAIS\\ESTUDOS\\LETS CODE\\TESTE AUTOMATIZADOS\\testes-automatizados\\src\\controllers\\productPutController.js","statementMap":{"0":{"start":{"line":1,"column":21},"end":{"line":1,"column":53}},"1":{"start":{"line":3,"column":29},"end":{"line":14,"column":1}},"2":{"start":{"line":4,"column":17},"end":{"line":4,"column":27}},"3":{"start":{"line":5,"column":26},"end":{"line":5,"column":34}},"4":{"start":{"line":7,"column":2},"end":{"line":13,"column":3}},"5":{"start":{"line":8,"column":29},"end":{"line":8,"column":86}},"6":{"start":{"line":9,"column":6},"end":{"line":9,"column":31}},"7":{"start":{"line":11,"column":6},"end":{"line":11,"column":38}},"8":{"start":{"line":12,"column":6},"end":{"line":12,"column":23}},"9":{"start":{"line":16,"column":0},"end":{"line":16,"column":37}}},"fnMap":{"0":{"name":"(anonymous_0)","decl":{"start":{"line":3,"column":29},"end":{"line":3,"column":30}},"loc":{"start":{"line":3,"column":49},"end":{"line":14,"column":1}},"line":3}},"branchMap":{},"s":{"0":1,"1":1,"2":1,"3":1,"4":1,"5":1,"6":1,"7":0,"8":0,"9":1},"f":{"0":1},"b":{},"_coverageSchema":"1a1c01bbd47fc00a2c39e90264f33305004495a9","hash":"7ab88b5f269a0cfc2368c5532ddf58c0fb7c5d39"}
,"C:\\Users\\octav\\Desktop\\PROJETOS PESSOAIS\\ESTUDOS\\LETS CODE\\TESTE AUTOMATIZADOS\\testes-automatizados\\src\\models\\products.js": {"path":"C:\\Users\\octav\\Desktop\\PROJETOS PESSOAIS\\ESTUDOS\\LETS CODE\\TESTE AUTOMATIZADOS\\testes-automatizados\\src\\models\\products.js","statementMap":{"0":{"start":{"line":1,"column":17},"end":{"line":1,"column":36}},"1":{"start":{"line":3,"column":22},"end":{"line":6,"column":2}},"2":{"start":{"line":8,"column":21},"end":{"line":8,"column":62}},"3":{"start":{"line":12,"column":0},"end":{"line":12,"column":29}}},"fnMap":{},"branchMap":{},"s":{"0":6,"1":6,"2":6,"3":6},"f":{},"b":{},"_coverageSchema":"1a1c01bbd47fc00a2c39e90264f33305004495a9","hash":"588f7a0c29dc906f8de9dd220748ef77ef425264"}
,"C:\\Users\\octav\\Desktop\\PROJETOS PESSOAIS\\ESTUDOS\\LETS CODE\\TESTE AUTOMATIZADOS\\testes-automatizados\\src\\routes\\index.js": {"path":"C:\\Users\\octav\\Desktop\\PROJETOS PESSOAIS\\ESTUDOS\\LETS CODE\\TESTE AUTOMATIZADOS\\testes-automatizados\\src\\routes\\index.js","statementMap":{"0":{"start":{"line":1,"column":22},"end":{"line":1,"column":43}},"1":{"start":{"line":3,"column":0},"end":{"line":3,"column":34}}},"fnMap":{},"branchMap":{},"s":{"0":0,"1":0},"f":{},"b":{}}
,"C:\\Users\\octav\\Desktop\\PROJETOS PESSOAIS\\ESTUDOS\\LETS CODE\\TESTE AUTOMATIZADOS\\testes-automatizados\\src\\routes\\products.js": {"path":"C:\\Users\\octav\\Desktop\\PROJETOS PESSOAIS\\ESTUDOS\\LETS CODE\\TESTE AUTOMATIZADOS\\testes-automatizados\\src\\routes\\products.js","statementMap":{"0":{"start":{"line":1,"column":19},"end":{"line":1,"column":37}},"1":{"start":{"line":2,"column":22},"end":{"line":2,"column":34}},"2":{"start":{"line":3,"column":21},"end":{"line":3,"column":53}},"3":{"start":{"line":4,"column":31},"end":{"line":4,"column":79}},"4":{"start":{"line":5,"column":30},"end":{"line":5,"column":77}},"5":{"start":{"line":6,"column":32},"end":{"line":6,"column":81}},"6":{"start":{"line":7,"column":32},"end":{"line":7,"column":81}},"7":{"start":{"line":8,"column":29},"end":{"line":8,"column":75}},"8":{"start":{"line":10,"column":0},"end":{"line":10,"column":47}},"9":{"start":{"line":12,"column":0},"end":{"line":12,"column":49}},"10":{"start":{"line":14,"column":0},"end":{"line":14,"column":46}},"11":{"start":{"line":16,"column":0},"end":{"line":16,"column":53}},"12":{"start":{"line":18,"column":0},"end":{"line":18,"column":47}},"13":{"start":{"line":20,"column":0},"end":{"line":20,"column":30}}},"fnMap":{},"branchMap":{},"s":{"0":0,"1":0,"2":0,"3":0,"4":0,"5":0,"6":0,"7":0,"8":0,"9":0,"10":0,"11":0,"12":0,"13":0},"f":{},"b":{}}
,"C:\\Users\\octav\\Desktop\\PROJETOS PESSOAIS\\ESTUDOS\\LETS CODE\\TESTE AUTOMATIZADOS\\testes-automatizados\\src\\services\\products.js": {"path":"C:\\Users\\octav\\Desktop\\PROJETOS PESSOAIS\\ESTUDOS\\LETS CODE\\TESTE AUTOMATIZADOS\\testes-automatizados\\src\\services\\products.js","statementMap":{"0":{"start":{"line":1,"column":21},"end":{"line":1,"column":50}}},"fnMap":{},"branchMap":{},"s":{"0":0},"f":{},"b":{}}
}
